This file contains any messages produced by compilers while
running configure, to aid debugging if configure makes a mistake.

It was created by configure, which was
generated by GNU Autoconf 2.69.  Invocation command line was

  $ ./configure --build=x86_64-linux-gnu --prefix=/usr --includedir=${prefix}/include --mandir=${prefix}/share/man --infodir=${prefix}/share/info --sysconfdir=/etc --localstatedir=/var --libexecdir=${prefix}/lib/gst-watermarkplugin --disable-maintainer-mode --disable-dependency-tracking

## --------- ##
## Platform. ##
## --------- ##

hostname = vagrant-ubuntu-trusty-64
uname -m = x86_64
uname -r = 3.13.0-34-generic
uname -s = Linux
uname -v = #60-Ubuntu SMP Wed Aug 13 15:45:27 UTC 2014

/usr/bin/uname -p = unknown
/bin/uname -X     = unknown

/bin/arch              = unknown
/usr/bin/arch -k       = unknown
/usr/convex/getsysinfo = unknown
/usr/bin/hostinfo      = unknown
/bin/machine           = unknown
/usr/bin/oslevel       = unknown
/bin/universe          = unknown

PATH: /usr/local/sbin
PATH: /usr/local/bin
PATH: /usr/sbin
PATH: /usr/bin
PATH: /sbin
PATH: /bin
PATH: /usr/games
PATH: /usr/local/games


## ----------- ##
## Core tests. ##
## ----------- ##

configure:2198: configuring gst-watermarkplugin for development with nano 1
configure:2238: checking whether to enable maintainer-specific portions of Makefiles
configure:2247: result: no
configure:2306: checking for a BSD-compatible install
configure:2374: result: /usr/bin/install -c
configure:2385: checking whether build environment is sane
configure:2440: result: yes
configure:2591: checking for a thread-safe mkdir -p
configure:2630: result: /bin/mkdir -p
configure:2637: checking for gawk
configure:2653: found /usr/bin/gawk
configure:2664: result: gawk
configure:2675: checking whether make sets $(MAKE)
configure:2697: result: yes
configure:2726: checking whether make supports nested variables
configure:2743: result: yes
configure:2924: checking for gcc
configure:2940: found /usr/bin/gcc
configure:2951: result: gcc
configure:3180: checking for C compiler version
configure:3189: gcc --version >&5
gcc (Ubuntu 4.8.2-19ubuntu1) 4.8.2
Copyright (C) 2013 Free Software Foundation, Inc.
This is free software; see the source for copying conditions.  There is NO
warranty; not even for MERCHANTABILITY or FITNESS FOR A PARTICULAR PURPOSE.

configure:3200: $? = 0
configure:3189: gcc -v >&5
Using built-in specs.
COLLECT_GCC=gcc
COLLECT_LTO_WRAPPER=/usr/lib/gcc/x86_64-linux-gnu/4.8/lto-wrapper
Target: x86_64-linux-gnu
Configured with: ../src/configure -v --with-pkgversion='Ubuntu 4.8.2-19ubuntu1' --with-bugurl=file:///usr/share/doc/gcc-4.8/README.Bugs --enable-languages=c,c++,java,go,d,fortran,objc,obj-c++ --prefix=/usr --program-suffix=-4.8 --enable-shared --enable-linker-build-id --libexecdir=/usr/lib --without-included-gettext --enable-threads=posix --with-gxx-include-dir=/usr/include/c++/4.8 --libdir=/usr/lib --enable-nls --with-sysroot=/ --enable-clocale=gnu --enable-libstdcxx-debug --enable-libstdcxx-time=yes --enable-gnu-unique-object --disable-libmudflap --enable-plugin --with-system-zlib --disable-browser-plugin --enable-java-awt=gtk --enable-gtk-cairo --with-java-home=/usr/lib/jvm/java-1.5.0-gcj-4.8-amd64/jre --enable-java-home --with-jvm-root-dir=/usr/lib/jvm/java-1.5.0-gcj-4.8-amd64 --with-jvm-jar-dir=/usr/lib/jvm-exports/java-1.5.0-gcj-4.8-amd64 --with-arch-directory=amd64 --with-ecj-jar=/usr/share/java/eclipse-ecj.jar --enable-objc-gc --enable-multiarch --disable-werror --with-arch-32=i686 --with-abi=m64 --with-multilib-list=m32,m64,mx32 --with-tune=generic --enable-checking=release --build=x86_64-linux-gnu --host=x86_64-linux-gnu --target=x86_64-linux-gnu
Thread model: posix
gcc version 4.8.2 (Ubuntu 4.8.2-19ubuntu1) 
configure:3200: $? = 0
configure:3189: gcc -V >&5
gcc: error: unrecognized command line option '-V'
gcc: fatal error: no input files
compilation terminated.
configure:3200: $? = 4
configure:3189: gcc -qversion >&5
gcc: error: unrecognized command line option '-qversion'
gcc: fatal error: no input files
compilation terminated.
configure:3200: $? = 4
configure:3220: checking whether the C compiler works
configure:3242: gcc    conftest.c  >&5
configure:3246: $? = 0
configure:3294: result: yes
configure:3297: checking for C compiler default output file name
configure:3299: result: a.out
configure:3305: checking for suffix of executables
configure:3312: gcc -o conftest    conftest.c  >&5
configure:3316: $? = 0
configure:3338: result: 
configure:3360: checking whether we are cross compiling
configure:3368: gcc -o conftest    conftest.c  >&5
configure:3372: $? = 0
configure:3379: ./conftest
configure:3383: $? = 0
configure:3398: result: no
configure:3403: checking for suffix of object files
configure:3425: gcc -c   conftest.c >&5
configure:3429: $? = 0
configure:3450: result: o
configure:3454: checking whether we are using the GNU C compiler
configure:3473: gcc -c   conftest.c >&5
configure:3473: $? = 0
configure:3482: result: yes
configure:3491: checking whether gcc accepts -g
configure:3511: gcc -c -g  conftest.c >&5
configure:3511: $? = 0
configure:3552: result: yes
configure:3569: checking for gcc option to accept ISO C89
configure:3632: gcc  -c -g -O2  conftest.c >&5
configure:3632: $? = 0
configure:3645: result: none needed
configure:3670: checking whether gcc understands -c and -o together
configure:3692: gcc -c conftest.c -o conftest2.o
configure:3695: $? = 0
configure:3692: gcc -c conftest.c -o conftest2.o
configure:3695: $? = 0
configure:3707: result: yes
configure:3735: checking for style of include used by make
configure:3763: result: GNU
configure:3789: checking dependency style of gcc
configure:3900: result: none
configure:3944: checking build system type
configure:3958: result: x86_64-pc-linux-gnu
configure:3978: checking host system type
configure:3991: result: x86_64-pc-linux-gnu
configure:4032: checking how to print strings
configure:4059: result: printf
configure:4080: checking for a sed that does not truncate output
configure:4144: result: /bin/sed
configure:4162: checking for grep that handles long lines and -e
configure:4220: result: /bin/grep
configure:4225: checking for egrep
configure:4287: result: /bin/grep -E
configure:4292: checking for fgrep
configure:4354: result: /bin/grep -F
configure:4389: checking for ld used by gcc
configure:4456: result: /usr/bin/ld
configure:4463: checking if the linker (/usr/bin/ld) is GNU ld
configure:4478: result: yes
configure:4490: checking for BSD- or MS-compatible name lister (nm)
configure:4539: result: /usr/bin/nm -B
configure:4669: checking the name lister (/usr/bin/nm -B) interface
configure:4676: gcc -c -g -O2  conftest.c >&5
configure:4679: /usr/bin/nm -B "conftest.o"
configure:4682: output
0000000000000000 B some_variable
configure:4689: result: BSD nm
configure:4692: checking whether ln -s works
configure:4696: result: yes
configure:4704: checking the maximum length of command line arguments
configure:4835: result: 3458764513820540925
configure:4852: checking whether the shell understands some XSI constructs
configure:4862: result: yes
configure:4866: checking whether the shell understands "+="
configure:4872: result: yes
configure:4907: checking how to convert x86_64-pc-linux-gnu file names to x86_64-pc-linux-gnu format
configure:4947: result: func_convert_file_noop
configure:4954: checking how to convert x86_64-pc-linux-gnu file names to toolchain format
configure:4974: result: func_convert_file_noop
configure:4981: checking for /usr/bin/ld option to reload object files
configure:4988: result: -r
configure:5062: checking for objdump
configure:5078: found /usr/bin/objdump
configure:5089: result: objdump
configure:5121: checking how to recognize dependent libraries
configure:5319: result: pass_all
configure:5404: checking for dlltool
configure:5434: result: no
configure:5464: checking how to associate runtime and link libraries
configure:5491: result: printf %s\n
configure:5552: checking for ar
configure:5568: found /usr/bin/ar
configure:5579: result: ar
configure:5616: checking for archiver @FILE support
configure:5633: gcc -c -g -O2  conftest.c >&5
configure:5633: $? = 0
configure:5636: ar cru libconftest.a @conftest.lst >&5
configure:5639: $? = 0
configure:5644: ar cru libconftest.a @conftest.lst >&5
ar: conftest.o: No such file or directory
configure:5647: $? = 1
configure:5659: result: @
configure:5717: checking for strip
configure:5733: found /usr/bin/strip
configure:5744: result: strip
configure:5816: checking for ranlib
configure:5832: found /usr/bin/ranlib
configure:5843: result: ranlib
configure:5945: checking command to parse /usr/bin/nm -B output from gcc object
configure:6065: gcc -c -g -O2  conftest.c >&5
configure:6068: $? = 0
configure:6072: /usr/bin/nm -B conftest.o \| sed -n -e 's/^.*[ ]\([ABCDGIRSTW][ABCDGIRSTW]*\)[ ][ ]*\([_A-Za-z][_A-Za-z0-9]*\)$/\1 \2 \2/p' | sed '/ __gnu_lto/d' \> conftest.nm
configure:6075: $? = 0
configure:6141: gcc -o conftest -g -O2   conftest.c conftstm.o >&5
configure:6144: $? = 0
configure:6182: result: ok
configure:6219: checking for sysroot
configure:6249: result: no
configure:6326: gcc -c -g -O2  conftest.c >&5
configure:6329: $? = 0
configure:6518: checking for mt
configure:6534: found /bin/mt
configure:6545: result: mt
configure:6568: checking if mt is a manifest tool
configure:6574: mt '-?'
configure:6582: result: no
configure:7224: checking how to run the C preprocessor
configure:7255: gcc -E  conftest.c
configure:7255: $? = 0
configure:7269: gcc -E  conftest.c
conftest.c:15:28: fatal error: ac_nonexistent.h: No such file or directory
 #include <ac_nonexistent.h>
                            ^
compilation terminated.
configure:7269: $? = 1
configure: failed program was:
| /* confdefs.h */
| #define PACKAGE_NAME ""
| #define PACKAGE_TARNAME ""
| #define PACKAGE_VERSION ""
| #define PACKAGE_STRING ""
| #define PACKAGE_BUGREPORT ""
| #define PACKAGE_URL ""
| #define GST_PLUGIN_VERSION "0.20.0.1"
| #define GST_PLUGIN_VERSION_RELEASE "0.20140823.154452"
| #define PACKAGE "gst-watermarkplugin"
| #define VERSION "0.20.0.1"
| #define PACKAGE "gst-watermarkplugin"
| #define VERSION "0.20.0.1"
| /* end confdefs.h.  */
| #include <ac_nonexistent.h>
configure:7294: result: gcc -E
configure:7314: gcc -E  conftest.c
configure:7314: $? = 0
configure:7328: gcc -E  conftest.c
conftest.c:15:28: fatal error: ac_nonexistent.h: No such file or directory
 #include <ac_nonexistent.h>
                            ^
compilation terminated.
configure:7328: $? = 1
configure: failed program was:
| /* confdefs.h */
| #define PACKAGE_NAME ""
| #define PACKAGE_TARNAME ""
| #define PACKAGE_VERSION ""
| #define PACKAGE_STRING ""
| #define PACKAGE_BUGREPORT ""
| #define PACKAGE_URL ""
| #define GST_PLUGIN_VERSION "0.20.0.1"
| #define GST_PLUGIN_VERSION_RELEASE "0.20140823.154452"
| #define PACKAGE "gst-watermarkplugin"
| #define VERSION "0.20.0.1"
| #define PACKAGE "gst-watermarkplugin"
| #define VERSION "0.20.0.1"
| /* end confdefs.h.  */
| #include <ac_nonexistent.h>
configure:7357: checking for ANSI C header files
configure:7377: gcc -c -g -O2  conftest.c >&5
configure:7377: $? = 0
configure:7450: gcc -o conftest -g -O2   conftest.c  >&5
configure:7450: $? = 0
configure:7450: ./conftest
configure:7450: $? = 0
configure:7461: result: yes
configure:7474: checking for sys/types.h
configure:7474: gcc -c -g -O2  conftest.c >&5
configure:7474: $? = 0
configure:7474: result: yes
configure:7474: checking for sys/stat.h
configure:7474: gcc -c -g -O2  conftest.c >&5
configure:7474: $? = 0
configure:7474: result: yes
configure:7474: checking for stdlib.h
configure:7474: gcc -c -g -O2  conftest.c >&5
configure:7474: $? = 0
configure:7474: result: yes
configure:7474: checking for string.h
configure:7474: gcc -c -g -O2  conftest.c >&5
configure:7474: $? = 0
configure:7474: result: yes
configure:7474: checking for memory.h
configure:7474: gcc -c -g -O2  conftest.c >&5
configure:7474: $? = 0
configure:7474: result: yes
configure:7474: checking for strings.h
configure:7474: gcc -c -g -O2  conftest.c >&5
configure:7474: $? = 0
configure:7474: result: yes
configure:7474: checking for inttypes.h
configure:7474: gcc -c -g -O2  conftest.c >&5
configure:7474: $? = 0
configure:7474: result: yes
configure:7474: checking for stdint.h
configure:7474: gcc -c -g -O2  conftest.c >&5
configure:7474: $? = 0
configure:7474: result: yes
configure:7474: checking for unistd.h
configure:7474: gcc -c -g -O2  conftest.c >&5
configure:7474: $? = 0
configure:7474: result: yes
configure:7488: checking for dlfcn.h
configure:7488: gcc -c -g -O2  conftest.c >&5
configure:7488: $? = 0
configure:7488: result: yes
configure:7694: checking for objdir
configure:7709: result: .libs
configure:7976: checking if gcc supports -fno-rtti -fno-exceptions
configure:7994: gcc -c -g -O2  -fno-rtti -fno-exceptions conftest.c >&5
cc1: warning: command line option '-fno-rtti' is valid for C++/ObjC++ but not for C [enabled by default]
configure:7998: $? = 0
configure:8011: result: no
configure:8338: checking for gcc option to produce PIC
configure:8345: result: -fPIC -DPIC
configure:8353: checking if gcc PIC flag -fPIC -DPIC works
configure:8371: gcc -c -g -O2  -fPIC -DPIC -DPIC conftest.c >&5
configure:8375: $? = 0
configure:8388: result: yes
configure:8417: checking if gcc static flag -static works
configure:8445: result: yes
configure:8460: checking if gcc supports -c -o file.o
configure:8481: gcc -c -g -O2  -o out/conftest2.o conftest.c >&5
configure:8485: $? = 0
configure:8507: result: yes
configure:8515: checking if gcc supports -c -o file.o
configure:8562: result: yes
configure:8595: checking whether the gcc linker (/usr/bin/ld -m elf_x86_64) supports shared libraries
configure:9752: result: yes
configure:9789: checking whether -lc should be explicitly linked in
configure:9797: gcc -c -g -O2  conftest.c >&5
configure:9800: $? = 0
configure:9815: gcc -shared  -fPIC -DPIC conftest.o  -v -Wl,-soname -Wl,conftest -o conftest 2\>\&1 \| /bin/grep  -lc  \>/dev/null 2\>\&1
configure:9818: $? = 0
configure:9832: result: no
configure:9992: checking dynamic linker characteristics
configure:10492: gcc -o conftest -g -O2   -Wl,-rpath -Wl,/foo conftest.c  >&5
configure:10492: $? = 0
configure:10726: result: GNU/Linux ld.so
configure:10833: checking how to hardcode library paths into programs
configure:10858: result: immediate
configure:11398: checking whether stripping libraries is possible
configure:11403: result: yes
configure:11438: checking if libtool supports shared libraries
configure:11440: result: yes
configure:11443: checking whether to build shared libraries
configure:11464: result: yes
configure:11467: checking whether to build static libraries
configure:11471: result: yes
configure:11511: checking to see if compiler understands -Wall
configure:11528: gcc -c -g -O2 -Wall  conftest.c >&5
configure:11528: $? = 0
configure:11543: result: yes
configure:11552: checking to see if compiler understands 
configure:11569: gcc -c -g -O2   conftest.c >&5
configure:11569: $? = 0
configure:11584: result: yes
configure:11592: checking for pkg-config
configure:11608: found /usr/bin/pkg-config
configure:11620: result: yes
configure:11634: checking package libsdl1.2-dev
configure:11690: checking for pkg-config
configure:11708: found /usr/bin/pkg-config
configure:11720: result: /usr/bin/pkg-config
configure:11745: checking pkg-config is at least version 0.9.0
configure:11748: result: yes
configure:11758: checking for SDL
configure:11765: $PKG_CONFIG --exists --print-errors "libsdl1.2-dev"
Package libsdl1.2-dev was not found in the pkg-config search path.
Perhaps you should add the directory containing `libsdl1.2-dev.pc'
to the PKG_CONFIG_PATH environment variable
No package 'libsdl1.2-dev' found
configure:11768: $? = 1
configure:11782: $PKG_CONFIG --exists --print-errors "libsdl1.2-dev"
Package libsdl1.2-dev was not found in the pkg-config search path.
Perhaps you should add the directory containing `libsdl1.2-dev.pc'
to the PKG_CONFIG_PATH environment variable
No package 'libsdl1.2-dev' found
configure:11785: $? = 1
configure:11799: result: no
No package 'libsdl1.2-dev' found
configure:11838: checking for GST
configure:11846: $PKG_CONFIG --exists --print-errors "\
  gstreamer-$GST_MAJORMINOR >= $GST_REQUIRED"
configure:11850: $? = 0
configure:11866: $PKG_CONFIG --exists --print-errors "\
  gstreamer-$GST_MAJORMINOR >= $GST_REQUIRED"
configure:11870: $? = 0
configure:11911: result: yes
configure:11929: checking for GST_BASE
configure:11936: $PKG_CONFIG --exists --print-errors "gstreamer-base-$GST_MAJORMINOR >= $GST_REQUIRED"
configure:11939: $? = 0
configure:11953: $PKG_CONFIG --exists --print-errors "gstreamer-base-$GST_MAJORMINOR >= $GST_REQUIRED"
configure:11956: $? = 0
configure:11994: result: yes
configure:12009: checking for GSTPB_BASE
configure:12016: $PKG_CONFIG --exists --print-errors "gstreamer-plugins-base-$GST_MAJORMINOR >= $GSTPB_REQUIRED"
Package gstreamer-plugins-base-0.10 was not found in the pkg-config search path.
Perhaps you should add the directory containing `gstreamer-plugins-base-0.10.pc'
to the PKG_CONFIG_PATH environment variable
No package 'gstreamer-plugins-base-0.10' found
configure:12019: $? = 1
configure:12033: $PKG_CONFIG --exists --print-errors "gstreamer-plugins-base-$GST_MAJORMINOR >= $GSTPB_REQUIRED"
Package gstreamer-plugins-base-0.10 was not found in the pkg-config search path.
Perhaps you should add the directory containing `gstreamer-plugins-base-0.10.pc'
to the PKG_CONFIG_PATH environment variable
No package 'gstreamer-plugins-base-0.10' found
configure:12036: $? = 1
configure:12050: result: no
No package 'gstreamer-plugins-base-0.10' found
configure:12080: no GStreamer Plugins Base libraries found (gstreamer-plugins-base-0.10)
configure:12089: checking for GSTCTRL
configure:12096: $PKG_CONFIG --exists --print-errors "gstreamer-controller-$GST_MAJORMINOR >= $GSTPB_REQUIRED"
configure:12099: $? = 0
configure:12113: $PKG_CONFIG --exists --print-errors "gstreamer-controller-$GST_MAJORMINOR >= $GSTPB_REQUIRED"
configure:12116: $? = 0
configure:12154: result: yes
configure:12291: checking that generated files are newer than configure
configure:12297: result: done
configure:12320: creating ./config.status

## ---------------------- ##
## Running config.status. ##
## ---------------------- ##

This file was extended by config.status, which was
generated by GNU Autoconf 2.69.  Invocation command line was

  CONFIG_FILES    = 
  CONFIG_HEADERS  = 
  CONFIG_LINKS    = 
  CONFIG_COMMANDS = 
  $ ./config.status 

on vagrant-ubuntu-trusty-64

config.status:1113: creating Makefile
config.status:1113: creating m4/Makefile
config.status:1113: creating src/Makefile
config.status:1113: creating config.h
config.status:1342: executing depfiles commands
config.status:1342: executing libtool commands

## ---------------- ##
## Cache variables. ##
## ---------------- ##

ac_cv_build=x86_64-pc-linux-gnu
ac_cv_c_compiler_gnu=yes
ac_cv_env_CC_set=
ac_cv_env_CC_value=
ac_cv_env_CFLAGS_set=
ac_cv_env_CFLAGS_value=
ac_cv_env_CPPFLAGS_set=
ac_cv_env_CPPFLAGS_value=
ac_cv_env_CPP_set=
ac_cv_env_CPP_value=
ac_cv_env_GSTCTRL_CFLAGS_set=
ac_cv_env_GSTCTRL_CFLAGS_value=
ac_cv_env_GSTCTRL_LIBS_set=
ac_cv_env_GSTCTRL_LIBS_value=
ac_cv_env_GSTPB_BASE_CFLAGS_set=
ac_cv_env_GSTPB_BASE_CFLAGS_value=
ac_cv_env_GSTPB_BASE_LIBS_set=
ac_cv_env_GSTPB_BASE_LIBS_value=
ac_cv_env_GST_BASE_CFLAGS_set=
ac_cv_env_GST_BASE_CFLAGS_value=
ac_cv_env_GST_BASE_LIBS_set=
ac_cv_env_GST_BASE_LIBS_value=
ac_cv_env_GST_CFLAGS_set=
ac_cv_env_GST_CFLAGS_value=
ac_cv_env_GST_LIBS_set=
ac_cv_env_GST_LIBS_value=
ac_cv_env_LDFLAGS_set=
ac_cv_env_LDFLAGS_value=
ac_cv_env_LIBS_set=
ac_cv_env_LIBS_value=
ac_cv_env_PKG_CONFIG_LIBDIR_set=
ac_cv_env_PKG_CONFIG_LIBDIR_value=
ac_cv_env_PKG_CONFIG_PATH_set=
ac_cv_env_PKG_CONFIG_PATH_value=
ac_cv_env_PKG_CONFIG_set=
ac_cv_env_PKG_CONFIG_value=
ac_cv_env_SDL_CFLAGS_set=
ac_cv_env_SDL_CFLAGS_value=
ac_cv_env_SDL_LIBS_set=
ac_cv_env_SDL_LIBS_value=
ac_cv_env_build_alias_set=set
ac_cv_env_build_alias_value=x86_64-linux-gnu
ac_cv_env_host_alias_set=
ac_cv_env_host_alias_value=
ac_cv_env_target_alias_set=
ac_cv_env_target_alias_value=
ac_cv_header_dlfcn_h=yes
ac_cv_header_inttypes_h=yes
ac_cv_header_memory_h=yes
ac_cv_header_stdc=yes
ac_cv_header_stdint_h=yes
ac_cv_header_stdlib_h=yes
ac_cv_header_string_h=yes
ac_cv_header_strings_h=yes
ac_cv_header_sys_stat_h=yes
ac_cv_header_sys_types_h=yes
ac_cv_header_unistd_h=yes
ac_cv_host=x86_64-pc-linux-gnu
ac_cv_objext=o
ac_cv_path_EGREP='/bin/grep -E'
ac_cv_path_FGREP='/bin/grep -F'
ac_cv_path_GREP=/bin/grep
ac_cv_path_SED=/bin/sed
ac_cv_path_ac_pt_PKG_CONFIG=/usr/bin/pkg-config
ac_cv_path_install='/usr/bin/install -c'
ac_cv_path_mkdir=/bin/mkdir
ac_cv_prog_AWK=gawk
ac_cv_prog_CPP='gcc -E'
ac_cv_prog_HAVE_PKGCONFIG=yes
ac_cv_prog_ac_ct_AR=ar
ac_cv_prog_ac_ct_CC=gcc
ac_cv_prog_ac_ct_MANIFEST_TOOL=mt
ac_cv_prog_ac_ct_OBJDUMP=objdump
ac_cv_prog_ac_ct_RANLIB=ranlib
ac_cv_prog_ac_ct_STRIP=strip
ac_cv_prog_cc_c89=
ac_cv_prog_cc_g=yes
ac_cv_prog_make_make_set=yes
am_cv_CC_dependencies_compiler_type=none
am_cv_make_support_nested_variables=yes
am_cv_prog_cc_c_o=yes
lt_cv_ar_at_file=@
lt_cv_archive_cmds_need_lc=no
lt_cv_deplibs_check_method=pass_all
lt_cv_file_magic_cmd='$MAGIC_CMD'
lt_cv_file_magic_test_file=
lt_cv_ld_reload_flag=-r
lt_cv_nm_interface='BSD nm'
lt_cv_objdir=.libs
lt_cv_path_LD=/usr/bin/ld
lt_cv_path_NM='/usr/bin/nm -B'
lt_cv_path_mainfest_tool=no
lt_cv_prog_compiler_c_o=yes
lt_cv_prog_compiler_pic='-fPIC -DPIC'
lt_cv_prog_compiler_pic_works=yes
lt_cv_prog_compiler_rtti_exceptions=no
lt_cv_prog_compiler_static_works=yes
lt_cv_prog_gnu_ld=yes
lt_cv_sharedlib_from_linklib_cmd='printf %s\n'
lt_cv_shlibpath_overrides_runpath=no
lt_cv_sys_global_symbol_pipe='sed -n -e '\''s/^.*[	 ]\([ABCDGIRSTW][ABCDGIRSTW]*\)[	 ][	 ]*\([_A-Za-z][_A-Za-z0-9]*\)$/\1 \2 \2/p'\'' | sed '\''/ __gnu_lto/d'\'''
lt_cv_sys_global_symbol_to_c_name_address='sed -n -e '\''s/^: \([^ ]*\)[ ]*$/  {\"\1\", (void *) 0},/p'\'' -e '\''s/^[ABCDGIRSTW]* \([^ ]*\) \([^ ]*\)$/  {"\2", (void *) \&\2},/p'\'''
lt_cv_sys_global_symbol_to_c_name_address_lib_prefix='sed -n -e '\''s/^: \([^ ]*\)[ ]*$/  {\"\1\", (void *) 0},/p'\'' -e '\''s/^[ABCDGIRSTW]* \([^ ]*\) \(lib[^ ]*\)$/  {"\2", (void *) \&\2},/p'\'' -e '\''s/^[ABCDGIRSTW]* \([^ ]*\) \([^ ]*\)$/  {"lib\2", (void *) \&\2},/p'\'''
lt_cv_sys_global_symbol_to_cdecl='sed -n -e '\''s/^T .* \(.*\)$/extern int \1();/p'\'' -e '\''s/^[ABCDGIRSTW]* .* \(.*\)$/extern char \1;/p'\'''
lt_cv_sys_max_cmd_len=3458764513820540925
lt_cv_to_host_file_cmd=func_convert_file_noop
lt_cv_to_tool_file_cmd=func_convert_file_noop
pkg_cv_GSTCTRL_CFLAGS='-pthread -I/usr/include/gstreamer-0.10 -I/usr/include/glib-2.0 -I/usr/lib/x86_64-linux-gnu/glib-2.0/include -I/usr/include/libxml2  '
pkg_cv_GSTCTRL_LIBS='-pthread -lgstcontroller-0.10 -lgstreamer-0.10 -lgobject-2.0 -lgmodule-2.0 -lgthread-2.0 -lxml2 -lglib-2.0  '
pkg_cv_GST_BASE_CFLAGS='-pthread -I/usr/include/gstreamer-0.10 -I/usr/include/glib-2.0 -I/usr/lib/x86_64-linux-gnu/glib-2.0/include -I/usr/include/libxml2  '
pkg_cv_GST_BASE_LIBS='-pthread -lgstbase-0.10 -lgstreamer-0.10 -lgobject-2.0 -lgmodule-2.0 -lgthread-2.0 -lxml2 -lglib-2.0  '
pkg_cv_GST_CFLAGS='-pthread -I/usr/include/gstreamer-0.10 -I/usr/include/glib-2.0 -I/usr/lib/x86_64-linux-gnu/glib-2.0/include -I/usr/include/libxml2  '
pkg_cv_GST_LIBS='-pthread -lgstreamer-0.10 -lgobject-2.0 -lgmodule-2.0 -lgthread-2.0 -lxml2 -lglib-2.0  '

## ----------------- ##
## Output variables. ##
## ----------------- ##

ACLOCAL='${SHELL} /home/trusty/notredam/gst-watermarkplugin/missing aclocal-1.14'
ACLOCAL_AMFLAGS='-I m4'
AMDEPBACKSLASH=''
AMDEP_FALSE=''
AMDEP_TRUE='#'
AMTAR='$${TAR-tar}'
AM_BACKSLASH='\'
AM_DEFAULT_V='$(AM_DEFAULT_VERBOSITY)'
AM_DEFAULT_VERBOSITY='1'
AM_V='$(V)'
AR='ar'
AUTOCONF='${SHELL} /home/trusty/notredam/gst-watermarkplugin/missing autoconf'
AUTOHEADER='${SHELL} /home/trusty/notredam/gst-watermarkplugin/missing autoheader'
AUTOMAKE='${SHELL} /home/trusty/notredam/gst-watermarkplugin/missing automake-1.14'
AWK='gawk'
CC='gcc'
CCDEPMODE='depmode=none'
CFLAGS='-g -O2'
CPP='gcc -E'
CPPFLAGS=''
CYGPATH_W='echo'
DEFS='-DHAVE_CONFIG_H'
DEPDIR='.deps'
DLLTOOL='false'
DSYMUTIL=''
DUMPBIN=''
ECHO_C=''
ECHO_N='-n'
ECHO_T=''
EGREP='/bin/grep -E'
EXEEXT=''
FGREP='/bin/grep -F'
GREP='/bin/grep'
GSTCTRL_CFLAGS='-pthread -I/usr/include/gstreamer-0.10 -I/usr/include/glib-2.0 -I/usr/lib/x86_64-linux-gnu/glib-2.0/include -I/usr/include/libxml2  '
GSTCTRL_LIBS='-pthread -lgstcontroller-0.10 -lgstreamer-0.10 -lgobject-2.0 -lgmodule-2.0 -lgthread-2.0 -lxml2 -lglib-2.0  '
GSTPB_BASE_CFLAGS=''
GSTPB_BASE_LIBS=''
GST_BASE_CFLAGS='-pthread -I/usr/include/gstreamer-0.10 -I/usr/include/glib-2.0 -I/usr/lib/x86_64-linux-gnu/glib-2.0/include -I/usr/include/libxml2  '
GST_BASE_LIBS='-pthread -lgstbase-0.10 -lgstreamer-0.10 -lgobject-2.0 -lgmodule-2.0 -lgthread-2.0 -lxml2 -lglib-2.0  '
GST_CFLAGS='-pthread -I/usr/include/gstreamer-0.10 -I/usr/include/glib-2.0 -I/usr/lib/x86_64-linux-gnu/glib-2.0/include -I/usr/include/libxml2    -Wall'
GST_LIBS='-pthread -lgstreamer-0.10 -lgobject-2.0 -lgmodule-2.0 -lgthread-2.0 -lxml2 -lglib-2.0  '
GST_MAJORMINOR='0.10'
GST_PLUGIN_LDFLAGS='-module -avoid-version -export-symbols-regex _*\(gst_\|Gst\|GST_\).*'
GST_PLUGIN_VERSION='0.20.0.1'
GST_PLUGIN_VERSION_MAJOR='0'
GST_PLUGIN_VERSION_MICRO='0'
GST_PLUGIN_VERSION_MINOR='20'
GST_PLUGIN_VERSION_NANO='1'
GST_PLUGIN_VERSION_RELEASE='0.20140823.154452'
HAVE_PKGCONFIG='yes'
INSTALL_DATA='${INSTALL} -m 644'
INSTALL_PROGRAM='${INSTALL}'
INSTALL_SCRIPT='${INSTALL}'
INSTALL_STRIP_PROGRAM='$(install_sh) -c -s'
LD='/usr/bin/ld -m elf_x86_64'
LDFLAGS=''
LIBOBJS=''
LIBS=''
LIBTOOL='$(SHELL) $(top_builddir)/libtool'
LIPO=''
LN_S='ln -s'
LTLIBOBJS=''
MAINT='#'
MAINTAINER_MODE_FALSE=''
MAINTAINER_MODE_TRUE='#'
MAKEINFO='${SHELL} /home/trusty/notredam/gst-watermarkplugin/missing makeinfo'
MANIFEST_TOOL=':'
MKDIR_P='/bin/mkdir -p'
NM='/usr/bin/nm -B'
NMEDIT=''
OBJDUMP='objdump'
OBJEXT='o'
OTOOL64=''
OTOOL=''
PACKAGE='gst-watermarkplugin'
PACKAGE_BUGREPORT=''
PACKAGE_NAME=''
PACKAGE_STRING=''
PACKAGE_TARNAME=''
PACKAGE_URL=''
PACKAGE_VERSION=''
PATH_SEPARATOR=':'
PKG_CONFIG='/usr/bin/pkg-config'
PKG_CONFIG_LIBDIR=''
PKG_CONFIG_PATH=''
RANLIB='ranlib'
SDL_CFLAGS=''
SDL_LIBS=''
SED='/bin/sed'
SET_MAKE=''
SHELL='/bin/bash'
STRIP='strip'
VERSION='0.20.0.1'
ac_ct_AR='ar'
ac_ct_CC='gcc'
ac_ct_DUMPBIN=''
am__EXEEXT_FALSE=''
am__EXEEXT_TRUE='#'
am__fastdepCC_FALSE=''
am__fastdepCC_TRUE='#'
am__include='include'
am__isrc=''
am__leading_dot='.'
am__nodep=''
am__quote=''
am__tar='$${TAR-tar} chof - "$$tardir"'
am__untar='$${TAR-tar} xf -'
bindir='${exec_prefix}/bin'
build='x86_64-pc-linux-gnu'
build_alias='x86_64-linux-gnu'
build_cpu='x86_64'
build_os='linux-gnu'
build_vendor='pc'
datadir='${datarootdir}'
datarootdir='${prefix}/share'
docdir='${datarootdir}/doc/${PACKAGE}'
dvidir='${docdir}'
exec_prefix='${prefix}'
host='x86_64-pc-linux-gnu'
host_alias=''
host_cpu='x86_64'
host_os='linux-gnu'
host_vendor='pc'
htmldir='${docdir}'
includedir='${prefix}/include'
infodir='${prefix}/share/info'
install_sh='${SHELL} /home/trusty/notredam/gst-watermarkplugin/install-sh'
libdir='${exec_prefix}/lib'
libexecdir='${prefix}/lib/gst-watermarkplugin'
localedir='${datarootdir}/locale'
localstatedir='/var'
mandir='${prefix}/share/man'
mkdir_p='$(MKDIR_P)'
oldincludedir='/usr/include'
pdfdir='${docdir}'
plugindir='$(libdir)/gstreamer-0.10'
prefix='/usr'
program_transform_name='s,x,x,'
psdir='${docdir}'
sbindir='${exec_prefix}/sbin'
sharedstatedir='${prefix}/com'
sysconfdir='/etc'
target_alias=''

## ----------- ##
## confdefs.h. ##
## ----------- ##

/* confdefs.h */
#define PACKAGE_NAME ""
#define PACKAGE_TARNAME ""
#define PACKAGE_VERSION ""
#define PACKAGE_STRING ""
#define PACKAGE_BUGREPORT ""
#define PACKAGE_URL ""
#define GST_PLUGIN_VERSION "0.20.0.1"
#define GST_PLUGIN_VERSION_RELEASE "0.20140823.154452"
#define PACKAGE "gst-watermarkplugin"
#define VERSION "0.20.0.1"
#define PACKAGE "gst-watermarkplugin"
#define VERSION "0.20.0.1"
#define STDC_HEADERS 1
#define HAVE_SYS_TYPES_H 1
#define HAVE_SYS_STAT_H 1
#define HAVE_STDLIB_H 1
#define HAVE_STRING_H 1
#define HAVE_MEMORY_H 1
#define HAVE_STRINGS_H 1
#define HAVE_INTTYPES_H 1
#define HAVE_STDINT_H 1
#define HAVE_UNISTD_H 1
#define HAVE_DLFCN_H 1
#define LT_OBJDIR ".libs/"

configure: exit 0
